Using pre-set license
Built from '2020.3/staging' branch; Version is '2020.3.13f1 (71691879b7f5) revision 7432472'; Using compiler version '192528614'; Build Type 'Release'
OS: 'Windows 10 Pro; OS build 19042.1466; Version 2009; 64bit' Language: 'pt' Physical Memory: 16244 MB
BatchMode: 1, IsHumanControllingUs: 0, StartBugReporterOnCrash: 0, Is64bit: 1, IsPro: 0

 COMMAND LINE ARGUMENTS:
C:\Program Files\Unity\Hub\Editor\2020.3.13f1\Editor\Unity.exe
-adb2
-batchMode
-noUpm
-name
AssetImportWorker0
-projectPath
C:/Users/frps2/Documents/GitHub/DarkHouse2/Global-Jaaj/GameJam Project
-logFile
Logs/AssetImportWorker0.log
-srvPort
54820
Successfully changed project path to: C:/Users/frps2/Documents/GitHub/DarkHouse2/Global-Jaaj/GameJam Project
C:/Users/frps2/Documents/GitHub/DarkHouse2/Global-Jaaj/GameJam Project
Using Asset Import Pipeline V2.
Refreshing native plugins compatible for Editor in 122.31 ms, found 2 plugins.
Preloading 0 native plugins for Editor in 0.00 ms.
Initialize engine version: 2020.3.13f1 (71691879b7f5)
[Subsystems] Discovering subsystems at path C:/Program Files/Unity/Hub/Editor/2020.3.13f1/Editor/Data/Resources/UnitySubsystems
[Subsystems] Discovering subsystems at path C:/Users/frps2/Documents/GitHub/DarkHouse2/Global-Jaaj/GameJam Project/Assets
GfxDevice: creating device client; threaded=0
Direct3D:
    Version:  Direct3D 11.0 [level 11.1]
    Renderer: NVIDIA GeForce GTX 960 (ID=0x1401)
    Vendor:   
    VRAM:     4053 MB
    Driver:   30.0.14.7212
Shader 'Universal Render Pipeline/Particles/Lit': fallback shader 'Universal Render Pipeline/Particles/SimpleLit' not found
Initialize mono
Mono path[0] = 'C:/Program Files/Unity/Hub/Editor/2020.3.13f1/Editor/Data/Managed'
Mono path[1] = 'C:/Program Files/Unity/Hub/Editor/2020.3.13f1/Editor/Data/MonoBleedingEdge/lib/mono/unityjit'
Mono config path = 'C:/Program Files/Unity/Hub/Editor/2020.3.13f1/Editor/Data/MonoBleedingEdge/etc'
Using monoOptions --debugger-agent=transport=dt_socket,embedding=1,server=y,suspend=n,address=127.0.0.1:56344
Begin MonoManager ReloadAssembly
Registering precompiled unity dll's ...
Register platform support module: C:/Program Files/Unity/Hub/Editor/2020.3.13f1/Editor/Data/PlaybackEngines/WebGLSupport/UnityEditor.WebGL.Extensions.dll
Register platform support module: C:/Program Files/Unity/Hub/Editor/2020.3.13f1/Editor/Data/PlaybackEngines/WindowsStandaloneSupport/UnityEditor.WindowsStandalone.Extensions.dll
Registered in 0.002975 seconds.
Native extension for WindowsStandalone target not found
Native extension for WebGL target not found
Refreshing native plugins compatible for Editor in 60.83 ms, found 2 plugins.
Preloading 0 native plugins for Editor in 0.00 ms.
Mono: successfully reloaded assembly
- Completed reload, in  2.240 seconds
Platform modules already initialized, skipping
Registering precompiled user dll's ...
Registered in 0.006345 seconds.
Begin MonoManager ReloadAssembly
Native extension for WindowsStandalone target not found
Native extension for WebGL target not found
Refreshing native plugins compatible for Editor in 58.64 ms, found 2 plugins.
Preloading 0 native plugins for Editor in 0.00 ms.
Mono: successfully reloaded assembly
- Completed reload, in  1.354 seconds
Platform modules already initialized, skipping
========================================================================
Worker process is ready to serve import requests
Shader 'Universal Render Pipeline/Particles/Lit': fallback shader 'Universal Render Pipeline/Particles/SimpleLit' not found
Launched and connected shader compiler UnityShaderCompiler.exe after 0.05 seconds
Refreshing native plugins compatible for Editor in 0.61 ms, found 2 plugins.
Preloading 0 native plugins for Editor in 0.00 ms.
Unloading 3081 Unused Serialized files (Serialized files now loaded: 0)
System memory in use before: 138.7 MB.
System memory in use after: 138.9 MB.

Unloading 21 unused Assets to reduce memory usage. Loaded Objects now: 3516.
Total: 3.202900 ms (FindLiveObjects: 0.306100 ms CreateObjectMapping: 0.175300 ms MarkObjects: 2.608100 ms  DeleteObjects: 0.111700 ms)

AssetImportParameters requested are different than current active one (requested -> active):
  custom:framework-win-MediaFoundation: 216162199b28c13a410421893ffa2e32 -> 
  custom:video-decoder-ogg-theora: a1e56fd34408186e4bbccfd4996cb3dc -> 
  custom:container-muxer-webm: aa71ff27fc2769a1b78a27578f13a17b -> 
  custom:container-demuxer-webm: 4f35f7cbe854078d1ac9338744f61a02 -> 
  custom:container-demuxer-ogg: 62fdf1f143b41e24485cea50d1cbac27 -> 
  custom:video-encoder-webm-vp8: eb34c28f22e8b96e1ab97ce403110664 -> 
  custom:video-decoder-webm-vp8: 9c59270c3fd7afecdb556c50c9e8de78 -> 
  custom:audio-decoder-ogg-vorbis: bf7c407c2cedff20999df2af8eb42d56 -> 
  custom:audio-encoder-webm-vorbis: bf7c407c2cedff20999df2af8eb42d56 -> 
========================================================================
Received Import Request.
  path: Assets/NoFriction.physicsMaterial2D
  artifactKey: Guid(ae29d5119641d2d41abc807eaa281c90) Importer(815301076,1909f56bfc062723c751e8b465ee728b)
Start importing Assets/NoFriction.physicsMaterial2D using Guid(ae29d5119641d2d41abc807eaa281c90) Importer(815301076,1909f56bfc062723c751e8b465ee728b)  -> (artifact id: '4d78293b913308efb42bb583ab4d6333') in 0.057609 seconds 
  Import took 0.063042 seconds .

========================================================================
Received Import Request.
  Time since last request: 0.000237 seconds.
  path: Assets/kappa.physicsMaterial2D
  artifactKey: Guid(422fa6c7f649729459b222f92491d244) Importer(815301076,1909f56bfc062723c751e8b465ee728b)
Start importing Assets/kappa.physicsMaterial2D using Guid(422fa6c7f649729459b222f92491d244) Importer(815301076,1909f56bfc062723c751e8b465ee728b)  -> (artifact id: '5c943f3101cc4018c3ac8167496de67f') in 0.010283 seconds 
  Import took 0.015588 seconds .

========================================================================
Received Prepare
Registering precompiled user dll's ...
Registered in 0.008669 seconds.
Begin MonoManager ReloadAssembly
Native extension for WindowsStandalone target not found
Native extension for WebGL target not found
Refreshing native plugins compatible for Editor in 0.55 ms, found 2 plugins.
Preloading 0 native plugins for Editor in 0.00 ms.
Mono: successfully reloaded assembly
- Completed reload, in  1.154 seconds
Platform modules already initialized, skipping
Shader 'Universal Render Pipeline/Particles/Lit': fallback shader 'Universal Render Pipeline/Particles/SimpleLit' not found
Refreshing native plugins compatible for Editor in 0.63 ms, found 2 plugins.
Preloading 0 native plugins for Editor in 0.00 ms.
Unloading 2959 Unused Serialized files (Serialized files now loaded: 0)
System memory in use before: 130.6 MB.
System memory in use after: 130.8 MB.

Unloading 14 unused Assets to reduce memory usage. Loaded Objects now: 3519.
Total: 3.805200 ms (FindLiveObjects: 0.795300 ms CreateObjectMapping: 0.239300 ms MarkObjects: 2.715900 ms  DeleteObjects: 0.053300 ms)

AssetImportParameters requested are different than current active one (requested -> active):
  custom:framework-win-MediaFoundation: 216162199b28c13a410421893ffa2e32 -> 
  custom:video-decoder-ogg-theora: a1e56fd34408186e4bbccfd4996cb3dc -> 
  custom:container-muxer-webm: aa71ff27fc2769a1b78a27578f13a17b -> 
  custom:container-demuxer-webm: 4f35f7cbe854078d1ac9338744f61a02 -> 
  custom:container-demuxer-ogg: 62fdf1f143b41e24485cea50d1cbac27 -> 
  custom:video-encoder-webm-vp8: eb34c28f22e8b96e1ab97ce403110664 -> 
  custom:video-decoder-webm-vp8: 9c59270c3fd7afecdb556c50c9e8de78 -> 
  custom:audio-decoder-ogg-vorbis: bf7c407c2cedff20999df2af8eb42d56 -> 
  custom:audio-encoder-webm-vorbis: bf7c407c2cedff20999df2af8eb42d56 -> 
========================================================================
Received Import Request.
  Time since last request: 323.277274 seconds.
  path: Assets/Scripts
  artifactKey: Guid(02a3527b6b33a924e8ec66aa805ea717) Importer(815301076,1909f56bfc062723c751e8b465ee728b)
Start importing Assets/Scripts using Guid(02a3527b6b33a924e8ec66aa805ea717) Importer(815301076,1909f56bfc062723c751e8b465ee728b)  -> (artifact id: '3d22bec3b2937c29cd085e1506c06094') in 0.154699 seconds 
  Import took 0.194215 seconds .

========================================================================
Received Import Request.
  Time since last request: 115.990818 seconds.
  path: Assets/Scripts/Heart.png
  artifactKey: Guid(b7b52fe87871e954c92b87f0041bfe26) Importer(815301076,1909f56bfc062723c751e8b465ee728b)
Start importing Assets/Scripts/Heart.png using Guid(b7b52fe87871e954c92b87f0041bfe26) Importer(815301076,1909f56bfc062723c751e8b465ee728b)  -> (artifact id: 'c40cdce17e22925f2175a19793c11cdf') in 0.116291 seconds 
  Import took 0.121496 seconds .

========================================================================
Received Import Request.
  Time since last request: 30.181080 seconds.
  path: Assets/Heart.png
  artifactKey: Guid(b7b52fe87871e954c92b87f0041bfe26) Importer(815301076,1909f56bfc062723c751e8b465ee728b)
Start importing Assets/Heart.png using Guid(b7b52fe87871e954c92b87f0041bfe26) Importer(815301076,1909f56bfc062723c751e8b465ee728b)  -> (artifact id: 'f7d8a279ad63a2415185ebcde0a659f0') in 0.054129 seconds 
  Import took 0.059293 seconds .

========================================================================
Received Import Request.
  Time since last request: 98.793053 seconds.
  path: Assets/HealthUI.png
  artifactKey: Guid(a9a8a90234166a44b8888fbbfa41e383) Importer(815301076,1909f56bfc062723c751e8b465ee728b)
Start importing Assets/HealthUI.png using Guid(a9a8a90234166a44b8888fbbfa41e383) Importer(815301076,1909f56bfc062723c751e8b465ee728b)  -> (artifact id: '1c9ae1ba912de67455779e70b001b72d') in 0.027121 seconds 
  Import took 0.042080 seconds .

========================================================================
Received Import Request.
  Time since last request: 10.117712 seconds.
  path: Assets/HealthUI.png
  artifactKey: Guid(a9a8a90234166a44b8888fbbfa41e383) Importer(815301076,1909f56bfc062723c751e8b465ee728b)
Start importing Assets/HealthUI.png using Guid(a9a8a90234166a44b8888fbbfa41e383) Importer(815301076,1909f56bfc062723c751e8b465ee728b)  -> (artifact id: 'f8002daab25ed25da56cf303cf71ff17') in 0.017743 seconds 
  Import took 0.024409 seconds .

========================================================================
Received Import Request.
  Time since last request: 26.957626 seconds.
  path: Assets/HealthUI.png
  artifactKey: Guid(a9a8a90234166a44b8888fbbfa41e383) Importer(815301076,1909f56bfc062723c751e8b465ee728b)
Start importing Assets/HealthUI.png using Guid(a9a8a90234166a44b8888fbbfa41e383) Importer(815301076,1909f56bfc062723c751e8b465ee728b)  -> (artifact id: '08b79e4c97821c13f6917d9c759244b5') in 0.016410 seconds 
  Import took 0.023929 seconds .

========================================================================
Received Import Request.
  Time since last request: 60.121205 seconds.
  path: Assets/HealthUI.png
  artifactKey: Guid(a9a8a90234166a44b8888fbbfa41e383) Importer(815301076,1909f56bfc062723c751e8b465ee728b)
Start importing Assets/HealthUI.png using Guid(a9a8a90234166a44b8888fbbfa41e383) Importer(815301076,1909f56bfc062723c751e8b465ee728b)  -> (artifact id: '2e8dc3b85226a6ccc7038c1f47f41b28') in 0.065145 seconds 
  Import took 0.071132 seconds .

========================================================================
Received Import Request.
  Time since last request: 29.489442 seconds.
  path: Assets/HealthUI.png
  artifactKey: Guid(a9a8a90234166a44b8888fbbfa41e383) Importer(815301076,1909f56bfc062723c751e8b465ee728b)
Start importing Assets/HealthUI.png using Guid(a9a8a90234166a44b8888fbbfa41e383) Importer(815301076,1909f56bfc062723c751e8b465ee728b)  -> (artifact id: 'fede5a08c30b202702c282595eb46235') in 0.054223 seconds 
  Import took 0.059880 seconds .

========================================================================
Received Prepare
Registering precompiled user dll's ...
Registered in 0.005301 seconds.
Begin MonoManager ReloadAssembly
Native extension for WindowsStandalone target not found
Native extension for WebGL target not found
Refreshing native plugins compatible for Editor in 0.55 ms, found 2 plugins.
Preloading 0 native plugins for Editor in 0.00 ms.
Mono: successfully reloaded assembly
- Completed reload, in  1.100 seconds
Platform modules already initialized, skipping
Shader 'Universal Render Pipeline/Particles/Lit': fallback shader 'Universal Render Pipeline/Particles/SimpleLit' not found
Refreshing native plugins compatible for Editor in 0.60 ms, found 2 plugins.
Preloading 0 native plugins for Editor in 0.00 ms.
Unloading 2960 Unused Serialized files (Serialized files now loaded: 0)
System memory in use before: 133.6 MB.
System memory in use after: 133.8 MB.

Unloading 14 unused Assets to reduce memory usage. Loaded Objects now: 3535.
Total: 3.313500 ms (FindLiveObjects: 0.274500 ms CreateObjectMapping: 0.150300 ms MarkObjects: 2.846300 ms  DeleteObjects: 0.041500 ms)

AssetImportParameters requested are different than current active one (requested -> active):
  custom:framework-win-MediaFoundation: 216162199b28c13a410421893ffa2e32 -> 
  custom:video-decoder-ogg-theora: a1e56fd34408186e4bbccfd4996cb3dc -> 
  custom:container-muxer-webm: aa71ff27fc2769a1b78a27578f13a17b -> 
  custom:container-demuxer-webm: 4f35f7cbe854078d1ac9338744f61a02 -> 
  custom:container-demuxer-ogg: 62fdf1f143b41e24485cea50d1cbac27 -> 
  custom:video-encoder-webm-vp8: eb34c28f22e8b96e1ab97ce403110664 -> 
  custom:video-decoder-webm-vp8: 9c59270c3fd7afecdb556c50c9e8de78 -> 
  custom:audio-decoder-ogg-vorbis: bf7c407c2cedff20999df2af8eb42d56 -> 
  custom:audio-encoder-webm-vorbis: bf7c407c2cedff20999df2af8eb42d56 -> 
========================================================================
Received Prepare
Registering precompiled user dll's ...
Registered in 0.006511 seconds.
Begin MonoManager ReloadAssembly
Native extension for WindowsStandalone target not found
Native extension for WebGL target not found
Refreshing native plugins compatible for Editor in 0.67 ms, found 2 plugins.
Preloading 0 native plugins for Editor in 0.00 ms.
Mono: successfully reloaded assembly
- Completed reload, in  1.145 seconds
Platform modules already initialized, skipping
Shader 'Universal Render Pipeline/Particles/Lit': fallback shader 'Universal Render Pipeline/Particles/SimpleLit' not found
Refreshing native plugins compatible for Editor in 0.59 ms, found 2 plugins.
Preloading 0 native plugins for Editor in 0.00 ms.
Unloading 2960 Unused Serialized files (Serialized files now loaded: 0)
System memory in use before: 133.6 MB.
System memory in use after: 133.9 MB.

Unloading 14 unused Assets to reduce memory usage. Loaded Objects now: 3538.
Total: 3.202400 ms (FindLiveObjects: 0.289500 ms CreateObjectMapping: 0.149100 ms MarkObjects: 2.716700 ms  DeleteObjects: 0.046200 ms)

AssetImportParameters requested are different than current active one (requested -> active):
  custom:framework-win-MediaFoundation: 216162199b28c13a410421893ffa2e32 -> 
  custom:video-decoder-ogg-theora: a1e56fd34408186e4bbccfd4996cb3dc -> 
  custom:container-muxer-webm: aa71ff27fc2769a1b78a27578f13a17b -> 
  custom:container-demuxer-webm: 4f35f7cbe854078d1ac9338744f61a02 -> 
  custom:container-demuxer-ogg: 62fdf1f143b41e24485cea50d1cbac27 -> 
  custom:video-encoder-webm-vp8: eb34c28f22e8b96e1ab97ce403110664 -> 
  custom:video-decoder-webm-vp8: 9c59270c3fd7afecdb556c50c9e8de78 -> 
  custom:audio-decoder-ogg-vorbis: bf7c407c2cedff20999df2af8eb42d56 -> 
  custom:audio-encoder-webm-vorbis: bf7c407c2cedff20999df2af8eb42d56 -> 
========================================================================
Received Prepare
Registering precompiled user dll's ...
Registered in 0.006567 seconds.
Begin MonoManager ReloadAssembly
Native extension for WindowsStandalone target not found
Native extension for WebGL target not found
Refreshing native plugins compatible for Editor in 0.56 ms, found 2 plugins.
Preloading 0 native plugins for Editor in 0.00 ms.
Mono: successfully reloaded assembly
- Completed reload, in  1.183 seconds
Platform modules already initialized, skipping
Shader 'Universal Render Pipeline/Particles/Lit': fallback shader 'Universal Render Pipeline/Particles/SimpleLit' not found
Refreshing native plugins compatible for Editor in 0.57 ms, found 2 plugins.
Preloading 0 native plugins for Editor in 0.00 ms.
Unloading 2961 Unused Serialized files (Serialized files now loaded: 0)
System memory in use before: 133.7 MB.
System memory in use after: 133.9 MB.

Unloading 14 unused Assets to reduce memory usage. Loaded Objects now: 3542.
Total: 2.927000 ms (FindLiveObjects: 0.271700 ms CreateObjectMapping: 0.154000 ms MarkObjects: 2.456700 ms  DeleteObjects: 0.043300 ms)

AssetImportParameters requested are different than current active one (requested -> active):
  custom:framework-win-MediaFoundation: 216162199b28c13a410421893ffa2e32 -> 
  custom:video-decoder-ogg-theora: a1e56fd34408186e4bbccfd4996cb3dc -> 
  custom:container-muxer-webm: aa71ff27fc2769a1b78a27578f13a17b -> 
  custom:container-demuxer-webm: 4f35f7cbe854078d1ac9338744f61a02 -> 
  custom:container-demuxer-ogg: 62fdf1f143b41e24485cea50d1cbac27 -> 
  custom:video-encoder-webm-vp8: eb34c28f22e8b96e1ab97ce403110664 -> 
  custom:video-decoder-webm-vp8: 9c59270c3fd7afecdb556c50c9e8de78 -> 
  custom:audio-decoder-ogg-vorbis: bf7c407c2cedff20999df2af8eb42d56 -> 
  custom:audio-encoder-webm-vorbis: bf7c407c2cedff20999df2af8eb42d56 -> 
========================================================================
Received Import Request.
  Time since last request: 3749.652626 seconds.
  path: Assets/Heart.controller
  artifactKey: Guid(d9a2517f8abe67e4eb01aa0c603d954b) Importer(815301076,1909f56bfc062723c751e8b465ee728b)
Start importing Assets/Heart.controller using Guid(d9a2517f8abe67e4eb01aa0c603d954b) Importer(815301076,1909f56bfc062723c751e8b465ee728b)  -> (artifact id: '769dc85ecca45c6fb12278e5fabe28a3') in 0.055656 seconds 
  Import took 0.065095 seconds .

========================================================================
Received Import Request.
  Time since last request: 168.119112 seconds.
  path: Assets/Heart.controller
  artifactKey: Guid(d9a2517f8abe67e4eb01aa0c603d954b) Importer(815301076,1909f56bfc062723c751e8b465ee728b)
Start importing Assets/Heart.controller using Guid(d9a2517f8abe67e4eb01aa0c603d954b) Importer(815301076,1909f56bfc062723c751e8b465ee728b)  -> (artifact id: 'a954d17886299c220be1543e7d3ce6d5') in 0.007185 seconds 
  Import took 0.014868 seconds .

========================================================================
Received Prepare
Registering precompiled user dll's ...
Registered in 0.005637 seconds.
Begin MonoManager ReloadAssembly
Native extension for WindowsStandalone target not found
Native extension for WebGL target not found
Refreshing native plugins compatible for Editor in 0.67 ms, found 2 plugins.
Preloading 0 native plugins for Editor in 0.00 ms.
Mono: successfully reloaded assembly
- Completed reload, in  1.131 seconds
Platform modules already initialized, skipping
Shader 'Universal Render Pipeline/Particles/Lit': fallback shader 'Universal Render Pipeline/Particles/SimpleLit' not found
Refreshing native plugins compatible for Editor in 0.58 ms, found 2 plugins.
Preloading 0 native plugins for Editor in 0.00 ms.
Unloading 2961 Unused Serialized files (Serialized files now loaded: 0)
System memory in use before: 133.7 MB.
System memory in use after: 133.9 MB.

Unloading 14 unused Assets to reduce memory usage. Loaded Objects now: 3545.
Total: 3.262700 ms (FindLiveObjects: 0.244700 ms CreateObjectMapping: 0.118400 ms MarkObjects: 2.862000 ms  DeleteObjects: 0.036700 ms)

AssetImportParameters requested are different than current active one (requested -> active):
  custom:framework-win-MediaFoundation: 216162199b28c13a410421893ffa2e32 -> 
  custom:video-decoder-ogg-theora: a1e56fd34408186e4bbccfd4996cb3dc -> 
  custom:container-muxer-webm: aa71ff27fc2769a1b78a27578f13a17b -> 
  custom:container-demuxer-webm: 4f35f7cbe854078d1ac9338744f61a02 -> 
  custom:container-demuxer-ogg: 62fdf1f143b41e24485cea50d1cbac27 -> 
  custom:video-encoder-webm-vp8: eb34c28f22e8b96e1ab97ce403110664 -> 
  custom:video-decoder-webm-vp8: 9c59270c3fd7afecdb556c50c9e8de78 -> 
  custom:audio-decoder-ogg-vorbis: bf7c407c2cedff20999df2af8eb42d56 -> 
  custom:audio-encoder-webm-vorbis: bf7c407c2cedff20999df2af8eb42d56 -> 
========================================================================
Received Prepare
Registering precompiled user dll's ...
Registered in 0.013985 seconds.
Begin MonoManager ReloadAssembly
Native extension for WindowsStandalone target not found
Native extension for WebGL target not found
Refreshing native plugins compatible for Editor in 0.69 ms, found 2 plugins.
Preloading 0 native plugins for Editor in 0.00 ms.
Mono: successfully reloaded assembly
- Completed reload, in  1.533 seconds
Platform modules already initialized, skipping
Shader 'Universal Render Pipeline/Particles/Lit': fallback shader 'Universal Render Pipeline/Particles/SimpleLit' not found
Refreshing native plugins compatible for Editor in 0.72 ms, found 2 plugins.
Preloading 0 native plugins for Editor in 0.00 ms.
Unloading 2961 Unused Serialized files (Serialized files now loaded: 0)
System memory in use before: 133.7 MB.
System memory in use after: 133.9 MB.

Unloading 14 unused Assets to reduce memory usage. Loaded Objects now: 3548.
Total: 3.752700 ms (FindLiveObjects: 0.372500 ms CreateObjectMapping: 0.548000 ms MarkObjects: 2.810000 ms  DeleteObjects: 0.020500 ms)

AssetImportParameters requested are different than current active one (requested -> active):
  custom:framework-win-MediaFoundation: 216162199b28c13a410421893ffa2e32 -> 
  custom:video-decoder-ogg-theora: a1e56fd34408186e4bbccfd4996cb3dc -> 
  custom:container-muxer-webm: aa71ff27fc2769a1b78a27578f13a17b -> 
  custom:container-demuxer-webm: 4f35f7cbe854078d1ac9338744f61a02 -> 
  custom:container-demuxer-ogg: 62fdf1f143b41e24485cea50d1cbac27 -> 
  custom:video-encoder-webm-vp8: eb34c28f22e8b96e1ab97ce403110664 -> 
  custom:video-decoder-webm-vp8: 9c59270c3fd7afecdb556c50c9e8de78 -> 
  custom:audio-decoder-ogg-vorbis: bf7c407c2cedff20999df2af8eb42d56 -> 
  custom:audio-encoder-webm-vorbis: bf7c407c2cedff20999df2af8eb42d56 -> 
========================================================================
Received Prepare
Registering precompiled user dll's ...
Registered in 0.005631 seconds.
Begin MonoManager ReloadAssembly
Native extension for WindowsStandalone target not found
Native extension for WebGL target not found
Refreshing native plugins compatible for Editor in 0.68 ms, found 2 plugins.
Preloading 0 native plugins for Editor in 0.00 ms.
Mono: successfully reloaded assembly
- Completed reload, in  1.440 seconds
Platform modules already initialized, skipping
Shader 'Universal Render Pipeline/Particles/Lit': fallback shader 'Universal Render Pipeline/Particles/SimpleLit' not found
Refreshing native plugins compatible for Editor in 0.64 ms, found 2 plugins.
Preloading 0 native plugins for Editor in 0.00 ms.
Unloading 2961 Unused Serialized files (Serialized files now loaded: 0)
System memory in use before: 133.7 MB.
System memory in use after: 133.9 MB.

Unloading 14 unused Assets to reduce memory usage. Loaded Objects now: 3551.
Total: 4.870000 ms (FindLiveObjects: 0.998300 ms CreateObjectMapping: 0.333600 ms MarkObjects: 3.507200 ms  DeleteObjects: 0.029700 ms)

AssetImportParameters requested are different than current active one (requested -> active):
  custom:framework-win-MediaFoundation: 216162199b28c13a410421893ffa2e32 -> 
  custom:video-decoder-ogg-theora: a1e56fd34408186e4bbccfd4996cb3dc -> 
  custom:container-muxer-webm: aa71ff27fc2769a1b78a27578f13a17b -> 
  custom:container-demuxer-webm: 4f35f7cbe854078d1ac9338744f61a02 -> 
  custom:container-demuxer-ogg: 62fdf1f143b41e24485cea50d1cbac27 -> 
  custom:video-encoder-webm-vp8: eb34c28f22e8b96e1ab97ce403110664 -> 
  custom:video-decoder-webm-vp8: 9c59270c3fd7afecdb556c50c9e8de78 -> 
  custom:audio-decoder-ogg-vorbis: bf7c407c2cedff20999df2af8eb42d56 -> 
  custom:audio-encoder-webm-vorbis: bf7c407c2cedff20999df2af8eb42d56 -> 
========================================================================
Received Prepare
Registering precompiled user dll's ...
Registered in 0.007350 seconds.
Begin MonoManager ReloadAssembly
Native extension for WindowsStandalone target not found
Native extension for WebGL target not found
Refreshing native plugins compatible for Editor in 0.61 ms, found 2 plugins.
Preloading 0 native plugins for Editor in 0.00 ms.
Mono: successfully reloaded assembly
- Completed reload, in  1.410 seconds
Platform modules already initialized, skipping
Shader 'Universal Render Pipeline/Particles/Lit': fallback shader 'Universal Render Pipeline/Particles/SimpleLit' not found
Refreshing native plugins compatible for Editor in 0.63 ms, found 2 plugins.
Preloading 0 native plugins for Editor in 0.00 ms.
Unloading 2961 Unused Serialized files (Serialized files now loaded: 0)
System memory in use before: 133.7 MB.
System memory in use after: 133.9 MB.

Unloading 14 unused Assets to reduce memory usage. Loaded Objects now: 3554.
Total: 3.199500 ms (FindLiveObjects: 0.286900 ms CreateObjectMapping: 0.157700 ms MarkObjects: 2.729600 ms  DeleteObjects: 0.024000 ms)

AssetImportParameters requested are different than current active one (requested -> active):
  custom:framework-win-MediaFoundation: 216162199b28c13a410421893ffa2e32 -> 
  custom:video-decoder-ogg-theora: a1e56fd34408186e4bbccfd4996cb3dc -> 
  custom:container-muxer-webm: aa71ff27fc2769a1b78a27578f13a17b -> 
  custom:container-demuxer-webm: 4f35f7cbe854078d1ac9338744f61a02 -> 
  custom:container-demuxer-ogg: 62fdf1f143b41e24485cea50d1cbac27 -> 
  custom:video-encoder-webm-vp8: eb34c28f22e8b96e1ab97ce403110664 -> 
  custom:video-decoder-webm-vp8: 9c59270c3fd7afecdb556c50c9e8de78 -> 
  custom:audio-decoder-ogg-vorbis: bf7c407c2cedff20999df2af8eb42d56 -> 
  custom:audio-encoder-webm-vorbis: bf7c407c2cedff20999df2af8eb42d56 -> 
========================================================================
Received Prepare
Registering precompiled user dll's ...
Registered in 0.007384 seconds.
Begin MonoManager ReloadAssembly
Native extension for WindowsStandalone target not found
Native extension for WebGL target not found
Refreshing native plugins compatible for Editor in 0.68 ms, found 2 plugins.
Preloading 0 native plugins for Editor in 0.00 ms.
Mono: successfully reloaded assembly
- Completed reload, in  1.568 seconds
Platform modules already initialized, skipping
Shader 'Universal Render Pipeline/Particles/Lit': fallback shader 'Universal Render Pipeline/Particles/SimpleLit' not found
Refreshing native plugins compatible for Editor in 0.80 ms, found 2 plugins.
Preloading 0 native plugins for Editor in 0.00 ms.
Unloading 2961 Unused Serialized files (Serialized files now loaded: 0)
System memory in use before: 133.7 MB.
System memory in use after: 134.0 MB.

Unloading 14 unused Assets to reduce memory usage. Loaded Objects now: 3557.
Total: 3.732400 ms (FindLiveObjects: 0.508700 ms CreateObjectMapping: 0.204900 ms MarkObjects: 2.984600 ms  DeleteObjects: 0.032800 ms)

AssetImportParameters requested are different than current active one (requested -> active):
  custom:framework-win-MediaFoundation: 216162199b28c13a410421893ffa2e32 -> 
  custom:video-decoder-ogg-theora: a1e56fd34408186e4bbccfd4996cb3dc -> 
  custom:container-muxer-webm: aa71ff27fc2769a1b78a27578f13a17b -> 
  custom:container-demuxer-webm: 4f35f7cbe854078d1ac9338744f61a02 -> 
  custom:container-demuxer-ogg: 62fdf1f143b41e24485cea50d1cbac27 -> 
  custom:video-encoder-webm-vp8: eb34c28f22e8b96e1ab97ce403110664 -> 
  custom:video-decoder-webm-vp8: 9c59270c3fd7afecdb556c50c9e8de78 -> 
  custom:audio-decoder-ogg-vorbis: bf7c407c2cedff20999df2af8eb42d56 -> 
  custom:audio-encoder-webm-vorbis: bf7c407c2cedff20999df2af8eb42d56 -> 
========================================================================
Received Prepare
Registering precompiled user dll's ...
Registered in 0.005878 seconds.
Begin MonoManager ReloadAssembly
Native extension for WindowsStandalone target not found
Native extension for WebGL target not found
Refreshing native plugins compatible for Editor in 0.59 ms, found 2 plugins.
Preloading 0 native plugins for Editor in 0.00 ms.
Mono: successfully reloaded assembly
- Completed reload, in  1.255 seconds
Platform modules already initialized, skipping
Shader 'Universal Render Pipeline/Particles/Lit': fallback shader 'Universal Render Pipeline/Particles/SimpleLit' not found
Refreshing native plugins compatible for Editor in 0.59 ms, found 2 plugins.
Preloading 0 native plugins for Editor in 0.00 ms.
Unloading 2961 Unused Serialized files (Serialized files now loaded: 0)
System memory in use before: 133.7 MB.
System memory in use after: 134.0 MB.

Unloading 14 unused Assets to reduce memory usage. Loaded Objects now: 3560.
Total: 3.535700 ms (FindLiveObjects: 0.318000 ms CreateObjectMapping: 0.171400 ms MarkObjects: 3.023500 ms  DeleteObjects: 0.021500 ms)

AssetImportParameters requested are different than current active one (requested -> active):
  custom:framework-win-MediaFoundation: 216162199b28c13a410421893ffa2e32 -> 
  custom:video-decoder-ogg-theora: a1e56fd34408186e4bbccfd4996cb3dc -> 
  custom:container-muxer-webm: aa71ff27fc2769a1b78a27578f13a17b -> 
  custom:container-demuxer-webm: 4f35f7cbe854078d1ac9338744f61a02 -> 
  custom:container-demuxer-ogg: 62fdf1f143b41e24485cea50d1cbac27 -> 
  custom:video-encoder-webm-vp8: eb34c28f22e8b96e1ab97ce403110664 -> 
  custom:video-decoder-webm-vp8: 9c59270c3fd7afecdb556c50c9e8de78 -> 
  custom:audio-decoder-ogg-vorbis: bf7c407c2cedff20999df2af8eb42d56 -> 
  custom:audio-encoder-webm-vorbis: bf7c407c2cedff20999df2af8eb42d56 -> 
========================================================================
Received Prepare
Registering precompiled user dll's ...
Registered in 0.006925 seconds.
Begin MonoManager ReloadAssembly
Native extension for WindowsStandalone target not found
Native extension for WebGL target not found
Refreshing native plugins compatible for Editor in 0.68 ms, found 2 plugins.
Preloading 0 native plugins for Editor in 0.00 ms.
Mono: successfully reloaded assembly
- Completed reload, in  1.153 seconds
Platform modules already initialized, skipping
Shader 'Universal Render Pipeline/Particles/Lit': fallback shader 'Universal Render Pipeline/Particles/SimpleLit' not found
Refreshing native plugins compatible for Editor in 0.70 ms, found 2 plugins.
Preloading 0 native plugins for Editor in 0.00 ms.
Unloading 2961 Unused Serialized files (Serialized files now loaded: 0)
System memory in use before: 133.7 MB.
System memory in use after: 134.0 MB.

Unloading 14 unused Assets to reduce memory usage. Loaded Objects now: 3563.
Total: 3.081100 ms (FindLiveObjects: 0.272000 ms CreateObjectMapping: 0.139800 ms MarkObjects: 2.620900 ms  DeleteObjects: 0.047500 ms)

AssetImportParameters requested are different than current active one (requested -> active):
  custom:framework-win-MediaFoundation: 216162199b28c13a410421893ffa2e32 -> 
  custom:video-decoder-ogg-theora: a1e56fd34408186e4bbccfd4996cb3dc -> 
  custom:container-muxer-webm: aa71ff27fc2769a1b78a27578f13a17b -> 
  custom:container-demuxer-webm: 4f35f7cbe854078d1ac9338744f61a02 -> 
  custom:container-demuxer-ogg: 62fdf1f143b41e24485cea50d1cbac27 -> 
  custom:video-encoder-webm-vp8: eb34c28f22e8b96e1ab97ce403110664 -> 
  custom:video-decoder-webm-vp8: 9c59270c3fd7afecdb556c50c9e8de78 -> 
  custom:audio-decoder-ogg-vorbis: bf7c407c2cedff20999df2af8eb42d56 -> 
  custom:audio-encoder-webm-vorbis: bf7c407c2cedff20999df2af8eb42d56 -> 
========================================================================
Received Prepare
Registering precompiled user dll's ...
Registered in 0.010226 seconds.
Begin MonoManager ReloadAssembly
Native extension for WindowsStandalone target not found
Native extension for WebGL target not found
Refreshing native plugins compatible for Editor in 0.96 ms, found 2 plugins.
Preloading 0 native plugins for Editor in 0.00 ms.
Mono: successfully reloaded assembly
- Completed reload, in  1.568 seconds
Platform modules already initialized, skipping
Shader 'Universal Render Pipeline/Particles/Lit': fallback shader 'Universal Render Pipeline/Particles/SimpleLit' not found
Refreshing native plugins compatible for Editor in 0.83 ms, found 2 plugins.
Preloading 0 native plugins for Editor in 0.00 ms.
Unloading 2961 Unused Serialized files (Serialized files now loaded: 0)
System memory in use before: 133.7 MB.
System memory in use after: 134.0 MB.

Unloading 14 unused Assets to reduce memory usage. Loaded Objects now: 3566.
Total: 3.970700 ms (FindLiveObjects: 0.472600 ms CreateObjectMapping: 0.463100 ms MarkObjects: 3.004100 ms  DeleteObjects: 0.029200 ms)

AssetImportParameters requested are different than current active one (requested -> active):
  custom:framework-win-MediaFoundation: 216162199b28c13a410421893ffa2e32 -> 
  custom:video-decoder-ogg-theora: a1e56fd34408186e4bbccfd4996cb3dc -> 
  custom:container-muxer-webm: aa71ff27fc2769a1b78a27578f13a17b -> 
  custom:container-demuxer-webm: 4f35f7cbe854078d1ac9338744f61a02 -> 
  custom:container-demuxer-ogg: 62fdf1f143b41e24485cea50d1cbac27 -> 
  custom:video-encoder-webm-vp8: eb34c28f22e8b96e1ab97ce403110664 -> 
  custom:video-decoder-webm-vp8: 9c59270c3fd7afecdb556c50c9e8de78 -> 
  custom:audio-decoder-ogg-vorbis: bf7c407c2cedff20999df2af8eb42d56 -> 
  custom:audio-encoder-webm-vorbis: bf7c407c2cedff20999df2af8eb42d56 -> 
========================================================================
Received Prepare
Registering precompiled user dll's ...
Registered in 0.006922 seconds.
Begin MonoManager ReloadAssembly
Native extension for WindowsStandalone target not found
Native extension for WebGL target not found
Refreshing native plugins compatible for Editor in 0.80 ms, found 2 plugins.
Preloading 0 native plugins for Editor in 0.00 ms.
Mono: successfully reloaded assembly
- Completed reload, in  1.438 seconds
Platform modules already initialized, skipping
Shader 'Universal Render Pipeline/Particles/Lit': fallback shader 'Universal Render Pipeline/Particles/SimpleLit' not found
Refreshing native plugins compatible for Editor in 0.89 ms, found 2 plugins.
Preloading 0 native plugins for Editor in 0.00 ms.
Unloading 2961 Unused Serialized files (Serialized files now loaded: 0)
System memory in use before: 133.8 MB.
System memory in use after: 134.0 MB.

Unloading 14 unused Assets to reduce memory usage. Loaded Objects now: 3569.
Total: 4.731000 ms (FindLiveObjects: 0.472100 ms CreateObjectMapping: 0.241100 ms MarkObjects: 3.994400 ms  DeleteObjects: 0.021900 ms)

AssetImportParameters requested are different than current active one (requested -> active):
  custom:framework-win-MediaFoundation: 216162199b28c13a410421893ffa2e32 -> 
  custom:video-decoder-ogg-theora: a1e56fd34408186e4bbccfd4996cb3dc -> 
  custom:container-muxer-webm: aa71ff27fc2769a1b78a27578f13a17b -> 
  custom:container-demuxer-webm: 4f35f7cbe854078d1ac9338744f61a02 -> 
  custom:container-demuxer-ogg: 62fdf1f143b41e24485cea50d1cbac27 -> 
  custom:video-encoder-webm-vp8: eb34c28f22e8b96e1ab97ce403110664 -> 
  custom:video-decoder-webm-vp8: 9c59270c3fd7afecdb556c50c9e8de78 -> 
  custom:audio-decoder-ogg-vorbis: bf7c407c2cedff20999df2af8eb42d56 -> 
  custom:audio-encoder-webm-vorbis: bf7c407c2cedff20999df2af8eb42d56 -> 
========================================================================
Received Import Request.
  Time since last request: 563.009033 seconds.
  path: Assets/Hearts
  artifactKey: Guid(f40716407fea16f4191f6406fe32358c) Importer(815301076,1909f56bfc062723c751e8b465ee728b)
Start importing Assets/Hearts using Guid(f40716407fea16f4191f6406fe32358c) Importer(815301076,1909f56bfc062723c751e8b465ee728b)  -> (artifact id: '7cd95d6c621b191d39e80cf5777053a3') in 0.016228 seconds 
  Import took 0.023770 seconds .

========================================================================
Received Import Request.
  Time since last request: 3.900286 seconds.
  path: Assets/Heart Empty Idle.anim
  artifactKey: Guid(b01fbbaa9539972488d5e522b3dbdb9f) Importer(815301076,1909f56bfc062723c751e8b465ee728b)
Start importing Assets/Heart Empty Idle.anim using Guid(b01fbbaa9539972488d5e522b3dbdb9f) Importer(815301076,1909f56bfc062723c751e8b465ee728b)  -> (artifact id: 'f95c3c342a8f26dfaf6989722af1f264') in 0.032954 seconds 
  Import took 0.038342 seconds .

========================================================================
Received Import Request.
  Time since last request: 9.876239 seconds.
  path: Assets/HeartUI.cs
  artifactKey: Guid(ccdf387dea624b94ba71185917173076) Importer(815301076,1909f56bfc062723c751e8b465ee728b)
Start importing Assets/HeartUI.cs using Guid(ccdf387dea624b94ba71185917173076) Importer(815301076,1909f56bfc062723c751e8b465ee728b)  -> (artifact id: '102d2a9accd0bf98a7248fbe8f217f88') in 0.024826 seconds 
  Import took 0.031208 seconds .

========================================================================
Received Import Request.
  Time since last request: 0.919484 seconds.
  path: Assets/HeartUIManager.cs
  artifactKey: Guid(750fb3bc04f29164590451652713b764) Importer(815301076,1909f56bfc062723c751e8b465ee728b)
Start importing Assets/HeartUIManager.cs using Guid(750fb3bc04f29164590451652713b764) Importer(815301076,1909f56bfc062723c751e8b465ee728b)  -> (artifact id: 'b8ad405e4ecdacf18f18793d0f1f2711') in 0.011797 seconds 
  Import took 0.017220 seconds .

========================================================================
Received Import Request.
  Time since last request: 0.000716 seconds.
  path: Assets/HeartUIManager.cs
  artifactKey: Guid(750fb3bc04f29164590451652713b764) Importer(815301076,1909f56bfc062723c751e8b465ee728b)
Start importing Assets/HeartUIManager.cs using Guid(750fb3bc04f29164590451652713b764) Importer(815301076,1909f56bfc062723c751e8b465ee728b)  -> (artifact id: 'b8ad405e4ecdacf18f18793d0f1f2711') in 0.005925 seconds 
  Import took 0.011780 seconds .

========================================================================
Received Prepare
Registering precompiled user dll's ...
Registered in 0.006268 seconds.
Begin MonoManager ReloadAssembly
Native extension for WindowsStandalone target not found
Native extension for WebGL target not found
Refreshing native plugins compatible for Editor in 1.17 ms, found 2 plugins.
Preloading 0 native plugins for Editor in 0.00 ms.
Mono: successfully reloaded assembly
- Completed reload, in  1.476 seconds
Platform modules already initialized, skipping
Shader 'Universal Render Pipeline/Particles/Lit': fallback shader 'Universal Render Pipeline/Particles/SimpleLit' not found
Refreshing native plugins compatible for Editor in 0.69 ms, found 2 plugins.
Preloading 0 native plugins for Editor in 0.00 ms.
Unloading 2961 Unused Serialized files (Serialized files now loaded: 0)
System memory in use before: 133.8 MB.
System memory in use after: 134.0 MB.

Unloading 14 unused Assets to reduce memory usage. Loaded Objects now: 3572.
Total: 3.851300 ms (FindLiveObjects: 0.500700 ms CreateObjectMapping: 0.222100 ms MarkObjects: 3.104000 ms  DeleteObjects: 0.023200 ms)

AssetImportParameters requested are different than current active one (requested -> active):
  custom:framework-win-MediaFoundation: 216162199b28c13a410421893ffa2e32 -> 
  custom:video-decoder-ogg-theora: a1e56fd34408186e4bbccfd4996cb3dc -> 
  custom:container-muxer-webm: aa71ff27fc2769a1b78a27578f13a17b -> 
  custom:container-demuxer-webm: 4f35f7cbe854078d1ac9338744f61a02 -> 
  custom:container-demuxer-ogg: 62fdf1f143b41e24485cea50d1cbac27 -> 
  custom:video-encoder-webm-vp8: eb34c28f22e8b96e1ab97ce403110664 -> 
  custom:video-decoder-webm-vp8: 9c59270c3fd7afecdb556c50c9e8de78 -> 
  custom:audio-decoder-ogg-vorbis: bf7c407c2cedff20999df2af8eb42d56 -> 
  custom:audio-encoder-webm-vorbis: bf7c407c2cedff20999df2af8eb42d56 -> 
========================================================================
Received Import Request.
  Time since last request: 20.359613 seconds.
  path: Assets/Hearts/Heart.prefab
  artifactKey: Guid(52e2ea6ccc273e74e8bb6d857fbe98f8) Importer(815301076,1909f56bfc062723c751e8b465ee728b)
Start importing Assets/Hearts/Heart.prefab using Guid(52e2ea6ccc273e74e8bb6d857fbe98f8) Importer(815301076,1909f56bfc062723c751e8b465ee728b)  -> (artifact id: 'b1d28f98814c127a5200329b6df2cdcd') in 0.052749 seconds 
  Import took 0.060172 seconds .

========================================================================
Received Import Request.
  Time since last request: 1.081813 seconds.
  path: Assets/Hearts/HeartUI.prefab
  artifactKey: Guid(0a70dc39f1679c848904de8fe71e6454) Importer(815301076,1909f56bfc062723c751e8b465ee728b)
Start importing Assets/Hearts/HeartUI.prefab using Guid(0a70dc39f1679c848904de8fe71e6454) Importer(815301076,1909f56bfc062723c751e8b465ee728b)  -> (artifact id: 'ba9a385e03e0d78c8323efb04aadfb6e') in 0.008176 seconds 
  Import took 0.013797 seconds .

========================================================================
Received Import Request.
  Time since last request: 0.032218 seconds.
  path: Assets/Hearts/HeartUI.prefab
  artifactKey: Guid(0a70dc39f1679c848904de8fe71e6454) Importer(815301076,1909f56bfc062723c751e8b465ee728b)
Start importing Assets/Hearts/HeartUI.prefab using Guid(0a70dc39f1679c848904de8fe71e6454) Importer(815301076,1909f56bfc062723c751e8b465ee728b)  -> (artifact id: 'ba9a385e03e0d78c8323efb04aadfb6e') in 0.006883 seconds 
  Import took 0.012856 seconds .

========================================================================
Received Import Request.
  Time since last request: 13.142740 seconds.
  path: Assets/Hearts/HeartUI.prefab
  artifactKey: Guid(0a70dc39f1679c848904de8fe71e6454) Importer(815301076,1909f56bfc062723c751e8b465ee728b)
Start importing Assets/Hearts/HeartUI.prefab using Guid(0a70dc39f1679c848904de8fe71e6454) Importer(815301076,1909f56bfc062723c751e8b465ee728b)  -> (artifact id: '75f6aefd668519f7ce9cee05853c2f0e') in 0.008451 seconds 
  Import took 0.015337 seconds .

========================================================================
Received Import Request.
  Time since last request: 0.963881 seconds.
  path: Assets/Hearts/HeartUI.prefab
  artifactKey: Guid(0a70dc39f1679c848904de8fe71e6454) Importer(815301076,1909f56bfc062723c751e8b465ee728b)
Start importing Assets/Hearts/HeartUI.prefab using Guid(0a70dc39f1679c848904de8fe71e6454) Importer(815301076,1909f56bfc062723c751e8b465ee728b)  -> (artifact id: '2f59e5248acf5e9fab226e5d13215e6f') in 0.012022 seconds 
  Import took 0.024554 seconds .

========================================================================
Received Import Request.
  Time since last request: 457.634639 seconds.
  path: Assets/Hearts/Heart.prefab
  artifactKey: Guid(52e2ea6ccc273e74e8bb6d857fbe98f8) Importer(815301076,1909f56bfc062723c751e8b465ee728b)
Start importing Assets/Hearts/Heart.prefab using Guid(52e2ea6ccc273e74e8bb6d857fbe98f8) Importer(815301076,1909f56bfc062723c751e8b465ee728b)  -> (artifact id: '8deca89e8a8cc3f1f8c7f2a9c69917bb') in 0.007268 seconds 
  Import took 0.014507 seconds .

========================================================================
Received Import Request.
  Time since last request: 0.000265 seconds.
  path: Assets/Hearts/HeartUI.prefab
  artifactKey: Guid(0a70dc39f1679c848904de8fe71e6454) Importer(815301076,1909f56bfc062723c751e8b465ee728b)
Start importing Assets/Hearts/HeartUI.prefab using Guid(0a70dc39f1679c848904de8fe71e6454) Importer(815301076,1909f56bfc062723c751e8b465ee728b)  -> (artifact id: 'ef918f55ca7284d4fb1ae2bfdd9e5c66') in 0.007952 seconds 
  Import took 0.014681 seconds .

========================================================================
Received Import Request.
  Time since last request: 10.239157 seconds.
  path: Assets/Hearts/Heart.prefab
  artifactKey: Guid(52e2ea6ccc273e74e8bb6d857fbe98f8) Importer(815301076,1909f56bfc062723c751e8b465ee728b)
Start importing Assets/Hearts/Heart.prefab using Guid(52e2ea6ccc273e74e8bb6d857fbe98f8) Importer(815301076,1909f56bfc062723c751e8b465ee728b)  -> (artifact id: '19f9a3a1c032c46d8596b4a916b90558') in 0.007133 seconds 
  Import took 0.013617 seconds .

========================================================================
Received Import Request.
  Time since last request: 0.000222 seconds.
  path: Assets/Hearts/HeartUI.prefab
  artifactKey: Guid(0a70dc39f1679c848904de8fe71e6454) Importer(815301076,1909f56bfc062723c751e8b465ee728b)
Start importing Assets/Hearts/HeartUI.prefab using Guid(0a70dc39f1679c848904de8fe71e6454) Importer(815301076,1909f56bfc062723c751e8b465ee728b)  -> (artifact id: '524df8e854c9b0862f7cad9b378de171') in 0.007054 seconds 
  Import took 0.014052 seconds .

========================================================================
Received Import Request.
  Time since last request: 7.907545 seconds.
  path: Assets/Hearts/Heart.prefab
  artifactKey: Guid(52e2ea6ccc273e74e8bb6d857fbe98f8) Importer(815301076,1909f56bfc062723c751e8b465ee728b)
Start importing Assets/Hearts/Heart.prefab using Guid(52e2ea6ccc273e74e8bb6d857fbe98f8) Importer(815301076,1909f56bfc062723c751e8b465ee728b)  -> (artifact id: '0cad3aa606ad40095f8383d54fe007d5') in 0.006619 seconds 
  Import took 0.013077 seconds .

========================================================================
Received Import Request.
  Time since last request: 0.000261 seconds.
  path: Assets/Hearts/HeartUI.prefab
  artifactKey: Guid(0a70dc39f1679c848904de8fe71e6454) Importer(815301076,1909f56bfc062723c751e8b465ee728b)
Start importing Assets/Hearts/HeartUI.prefab using Guid(0a70dc39f1679c848904de8fe71e6454) Importer(815301076,1909f56bfc062723c751e8b465ee728b)  -> (artifact id: '52403da0b5308388d5a61245fe6ce82a') in 0.006370 seconds 
  Import took 0.012917 seconds .

========================================================================
Received Import Request.
  Time since last request: 4.038460 seconds.
  path: Assets/Hearts/Heart.prefab
  artifactKey: Guid(52e2ea6ccc273e74e8bb6d857fbe98f8) Importer(815301076,1909f56bfc062723c751e8b465ee728b)
Start importing Assets/Hearts/Heart.prefab using Guid(52e2ea6ccc273e74e8bb6d857fbe98f8) Importer(815301076,1909f56bfc062723c751e8b465ee728b)  -> (artifact id: '13c9158930d34131c5a904d307e589a5') in 0.006794 seconds 
  Import took 0.012250 seconds .

========================================================================
Received Import Request.
  Time since last request: 0.000313 seconds.
  path: Assets/Hearts/HeartUI.prefab
  artifactKey: Guid(0a70dc39f1679c848904de8fe71e6454) Importer(815301076,1909f56bfc062723c751e8b465ee728b)
Start importing Assets/Hearts/HeartUI.prefab using Guid(0a70dc39f1679c848904de8fe71e6454) Importer(815301076,1909f56bfc062723c751e8b465ee728b)  -> (artifact id: 'dd4d5df522c749a8418b90d3d2061ab1') in 0.007433 seconds 
  Import took 0.013756 seconds .

========================================================================
Received Import Request.
  Time since last request: 4.244095 seconds.
  path: Assets/Hearts/Heart.prefab
  artifactKey: Guid(52e2ea6ccc273e74e8bb6d857fbe98f8) Importer(815301076,1909f56bfc062723c751e8b465ee728b)
Start importing Assets/Hearts/Heart.prefab using Guid(52e2ea6ccc273e74e8bb6d857fbe98f8) Importer(815301076,1909f56bfc062723c751e8b465ee728b)  -> (artifact id: '2a0f15aaced495fdb8e4b62e2c501638') in 0.006747 seconds 
  Import took 0.012661 seconds .

========================================================================
Received Import Request.
  Time since last request: 0.000350 seconds.
  path: Assets/Hearts/HeartUI.prefab
  artifactKey: Guid(0a70dc39f1679c848904de8fe71e6454) Importer(815301076,1909f56bfc062723c751e8b465ee728b)
Start importing Assets/Hearts/HeartUI.prefab using Guid(0a70dc39f1679c848904de8fe71e6454) Importer(815301076,1909f56bfc062723c751e8b465ee728b)  -> (artifact id: 'df534cf2393abf66d320ee6c3f451dfb') in 0.006988 seconds 
  Import took 0.013320 seconds .

========================================================================
Received Import Request.
  Time since last request: 456.049892 seconds.
  path: Assets/Hearts/HeartUI.prefab
  artifactKey: Guid(0a70dc39f1679c848904de8fe71e6454) Importer(815301076,1909f56bfc062723c751e8b465ee728b)
Start importing Assets/Hearts/HeartUI.prefab using Guid(0a70dc39f1679c848904de8fe71e6454) Importer(815301076,1909f56bfc062723c751e8b465ee728b)  -> (artifact id: 'a34a1fb801b7dc06e001592f86a28edb') in 0.006674 seconds 
  Import took 0.013252 seconds .

========================================================================
Received Import Request.
  Time since last request: 0.607300 seconds.
  path: Assets/Hearts/HeartUI.prefab
  artifactKey: Guid(0a70dc39f1679c848904de8fe71e6454) Importer(815301076,1909f56bfc062723c751e8b465ee728b)
Start importing Assets/Hearts/HeartUI.prefab using Guid(0a70dc39f1679c848904de8fe71e6454) Importer(815301076,1909f56bfc062723c751e8b465ee728b)  -> (artifact id: 'c45ded8145203ef103607cf438e02372') in 0.006836 seconds 
  Import took 0.012601 seconds .

========================================================================
Received Import Request.
  Time since last request: 0.166981 seconds.
  path: Assets/Hearts/HeartUI.prefab
  artifactKey: Guid(0a70dc39f1679c848904de8fe71e6454) Importer(815301076,1909f56bfc062723c751e8b465ee728b)
Start importing Assets/Hearts/HeartUI.prefab using Guid(0a70dc39f1679c848904de8fe71e6454) Importer(815301076,1909f56bfc062723c751e8b465ee728b)  -> (artifact id: 'cfc261a90c8953541b65b44af2bff6b3') in 0.006501 seconds 
  Import took 0.012382 seconds .

AssetImportWorkerClient::OnTransportError - code=2 error=End of file
